



Início da execução da consulta: 2024-01-17 06:00:03.


[[1]]
[[1]]$value
function () 
{
    base.url <- "https://dadosabertos.web.stj.jus.br/dataset/4238da2f-c07b-4c1a-b345-4402accacdcf/resource/"
    informacoes <- list(`dicionario-temas` = "d5e50514-6dba-4f1e-8557-94f135eae03b/download/", 
        temas = "df29da13-7d6b-41ba-ad96-cd1a5bbd191c/download/", 
        `dicionario-processos` = "162e58f0-01c1-4d91-94a4-664b4de81e79/download/", 
        processos = "7ed21202-0049-4fcb-aa7c-48d810d3c499/download/")
    for (i in seq_along(informacoes)) {
        informacao <- informacoes[i]
        url.completa <- paste0(base.url, informacao, names(informacao), 
            ".csv")
        arquivo <- paste0("dados/", names(informacao), ".csv")
        if (file.exists(arquivo)) {
            consultar <- FALSE
            info.arquivo <- file.info(arquivo)
            modificacao.arquivo <- format(info.arquivo$mtime, 
                "%Y-%m-%d")
            if (Sys.Date() > modificacao.arquivo) {
                consultar <- TRUE
                cat(epoxy::epoxy("\n\n Precisa baixar novamente o arquivo de {names(informacao)}.\n\n"))
            }
            else {
                cat(epoxy::epoxy("\n\n Não precisa baixar novamente o arquivo de {names(informacao)}.\n\n"))
            }
        }
        else {
            consultar <- FALSE
            cat(epoxy::epoxy("\n\n Precisa baixar novamente o arquivo de {names(informacao)}.\n\n"))
            download.file(url = url.completa, destfile = arquivo, 
                mode = "wb")
        }
        if (consultar) {
            arquivo.baixado <- paste0(arquivo, ".baixado")
            try({
                download.file(url = url.completa, destfile = arquivo.baixado, 
                  mode = "wb")
                df.baixado <- read.csv2(arquivo.baixado)
                df.anterior <- read.csv2(arquivo)
                if (identical(df.baixado, df.anterior)) {
                  atualizar <- FALSE
                  cat(epoxy::epoxy("\n O arquivo de {names(informacao)} baixado é igual ao anterior.\n\n"))
                }
                else {
                  atualizar <- TRUE
                  file.rename(arquivo, paste0(arquivo, ".anterior"))
                  file.rename(arquivo.baixado, arquivo)
                  cat(epoxy::epoxy("\n O arquivo de {names(informacao)} anterior foi substituído pelo baixado.\n\n"))
                }
            })
        }
    }
}

[[1]]$visible
[1] FALSE


[[2]]
[[2]]$value
function () 
{
    df <- read.csv2("dados/temas.csv", sep = ";", header = TRUE, 
        colClasses = "character", fileEncoding = "Windows-1252")
    df.filtrado <- dplyr::filter(df, tipoPrecedente == "Tema")
    colunas.data <- c("dataPrimeiraAfetacao", "dataJulgamento", 
        "dataPublicacaoAcordao", "dataAudienciaPublica")
    colunas.fator <- c("tipoPrecedente", "situacao", "orgaoJulgador")
    colunas.logico <- c("audienciaPublica")
    df.filtrado[colunas.data] <- lapply(df.filtrado[colunas.data], 
        as.Date)
    df.filtrado[colunas.fator] <- lapply(df.filtrado[colunas.fator], 
        as.factor)
    df.filtrado[colunas.logico] <- lapply(df.filtrado[colunas.logico], 
        as.logical.factor)
    tabela.temas <- df.filtrado[, c("numeroPrecedente", "situacao", 
        "questaoSubmetidaAJulgamento", "dataPrimeiraAfetacao", 
        "teseFirmada", "dataPublicacaoAcordao")]
    mapeamento.colunas <- c(numeroPrecedente = "Número", situacao = "Situação", 
        questaoSubmetidaAJulgamento = "Questão", teseFirmada = "Tese", 
        dataPrimeiraAfetacao = "Afetação", dataPublicacaoAcordao = "Publicação")
    colnames(tabela.temas) <- mapeamento.colunas[match(colnames(tabela.temas), 
        names(mapeamento.colunas))]
    return(tabela.temas)
}

[[2]]$visible
[1] FALSE


[[3]]
[[3]]$value
function (df, teste = F) 
{
    if (!file.exists("dados/temas.csv") | !file.exists("dados/temas.csv.anterior")) {
        cat("\n\nNão há arquivos para comparar.\n\n")
        return()
    }
    if (nrow(df) == 0) {
        cat("\n\nNenhum registro disponível para envio.\n\n")
        return()
    }
    else {
        cat(epoxy::epoxy("\n\nHá {.numero nrow(df)} registros disponíveis para envio.\n\n"))
    }
    if (teste) {
        DESTINATARIO <- "armando.nahmias@tjrr.jus.br"
    }
    else {
        DESTINATARIO <- c("armando.nahmias@tjrr.jus.br", "debora.silva@tjrr.jus.br", 
            "rayandria.santiago@tjrr.jus.br")
    }
    config <- jsonlite::fromJSON("conf/configuracao.json")
    EMISSOR <- "informartizar@gmail.com"
    SMTP.CONFIG <- list(host.name = "smtp.gmail.com", port = 465, 
        user.name = config$usuario, passwd = config$senha, ssl = TRUE)
    epoxy::epoxy_transform_set(.dia = function(x) {
        format(x, "%d/%m/%Y")
    }, .numero = function(x) {
        format(x, big.mark = ".", decimal.mark = ",")
    })
    horario <- format(Sys.time(), format = "%Y%m%d-%H%M%S")
    arquivo.html <- epoxy::epoxy("saida/tabela-{horario}.html")
    source(here::here("func", "4.criar.tabela.html.R"))
    tabela.html <- criar.tabela.html(tabela.temas, arquivo.html)
    df.novo <- read.csv2("dados/temas.csv")
    df.anterior <- read.csv2("dados/temas.csv.anterior")
    if (identical(df.novo, df.anterior)) {
        cat("\nNão houve mudança na relação de temas.\n\n")
        if (file.exists("dados/data.checagem.rds")) {
            data.checagem <- readRDS("dados/data.checagem.rds")
        }
        else {
            data.checagem <- Sys.Date()
        }
        periodo <- dplyr::case_when(identical(Sys.Date(), data.checagem) ~ 
            "Hoje", identical(Sys.Date() - 1, data.checagem) ~ 
            "Ontem", format(Sys.Date() - 31, "%Y-%m") == format(data.checagem, 
            "%Y-%m") ~ "Desde mês passado", TRUE ~ paste0(epoxy::epoxy("Desde {.dia data.checagem} até {.dia Sys.Date()}")))
        assunto.email <- paste0(epoxy::epoxy("{periodo}, não houve alteração na relação de temas do STJ."))
        corpo.email <- paste0(epoxy::epoxy("Não houve alteração em nenhum dos {.numero nrow(df)} temas do STJ já incluídos no portal."))
        anexo.email <- NULL
    }
    else {
        cat("\nHouve mudança na relação de temas.\n\n")
        assunto.email <- paste0(epoxy::epoxy("Relação de temas do STJ atualizada até {.dia Sys.Date()}."))
        anexo.email <- arquivo.html
        comparacao <- diffdf::diffdf(df.novo, df.anterior, suppress_warnings = TRUE)
        if (is.integer(comparacao$NumDiff$`No of Differences`)) {
            colunas <- epoxy::epoxy("Houve {sum(comparacao$NumDiff$`No of Differences`)} mudança(s) na tabela de temas do STJ")
            lista.mudancas <- list()
            lista.variaveis <- comparacao$NumDiff$Variable
            for (variavel in lista.variaveis) {
                assign(paste0("variavel.", variavel), epoxy::epoxy("comparacao$VarDiff_{variavel}"))
                lista.mudancas[[variavel]] <- tableHTML::tableHTML(comparacao[[paste0("VarDiff_", 
                  variavel)]], headers = c("VARIABLE", "..ROWNUMBER..", 
                  "BASE", "COMPARE"))
            }
            mudancas <- paste0(lista.mudancas)
        }
        else {
            colunas <- "Não houve mudança em nenhuma coluna da tabela de temas do STJ."
            mudancas <- htmltools::HTML("<br>")
            lista.variaveis <- ""
            variaveis <- htmltools::HTML("<br>")
        }
        if (is.integer(comparacao$ExtRowsBase$..ROWNUMBER..)) {
            linhas <- epoxy::epoxy("Houve a adição da(s) linha(s) {.and comparacao$ExtRowsBase$..ROWNUMBER..} na tabela de temas do STJ.")
            inclusoes <- tableHTML::tableHTML(df.novo[comparacao$ExtRowsBase$..ROWNUMBER.., 
                ])
        }
        else {
            linhas <- "Não aumentou a quantidade de temas do SJT."
            inclusoes <- htmltools::HTML("<br>")
        }
        corpo.email <- paste0(epoxy::epoxy("Há {.numero nrow(df.novo)} temas do STJ a incluir na relação do portal."), 
            "<br><br><br>", colunas, "<br><br><br>", mudancas, 
            "<br><br><br>", linhas, "<br><br><br>", inclusoes, 
            "<br><br><br><br><br><br>", "<br>")
    }
    email <- mailR::send.mail(from = EMISSOR, to = DESTINATARIO, 
        subject = assunto.email, body = corpo.email, smtp = SMTP.CONFIG, 
        authenticate = TRUE, html = TRUE, attach.files = anexo.email, 
        send = TRUE)
    if (exists("email")) {
        cat(epoxy::epoxy("\nEmail enviado com sucesso para {.and DESTINATARIO}.\n\n"))
    }
    else {
        cat(epoxy::epoxy("\nFalha ao enviar o email para {.and DESTINATARIO}.\n\n"))
    }
}

[[3]]$visible
[1] FALSE




 Precisa baixar novamente o arquivo de dicionario-temas.

tentando a URL 'https://dadosabertos.web.stj.jus.br/dataset/4238da2f-c07b-4c1a-b345-4402accacdcf/resource/d5e50514-6dba-4f1e-8557-94f135eae03b/download/dicionario-temas.csv'
Content type 'text/csv' length 4171 bytes
==================================================
downloaded 4171 bytes


 O arquivo de dicionario-temas baixado é igual ao anterior.



 Precisa baixar novamente o arquivo de temas.

tentando a URL 'https://dadosabertos.web.stj.jus.br/dataset/4238da2f-c07b-4c1a-b345-4402accacdcf/resource/df29da13-7d6b-41ba-ad96-cd1a5bbd191c/download/temas.csv'
Content type 'text/csv' length 2012711 bytes (1.9 MB)
==================================================
downloaded 1.9 MB


 O arquivo de temas baixado é igual ao anterior.



 Precisa baixar novamente o arquivo de dicionario-processos.

tentando a URL 'https://dadosabertos.web.stj.jus.br/dataset/4238da2f-c07b-4c1a-b345-4402accacdcf/resource/162e58f0-01c1-4d91-94a4-664b4de81e79/download/dicionario-processos.csv'
Content type 'text/csv' length 4149 bytes
==================================================
downloaded 4149 bytes


 O arquivo de dicionario-processos baixado é igual ao anterior.



 Precisa baixar novamente o arquivo de processos.

tentando a URL 'https://dadosabertos.web.stj.jus.br/dataset/4238da2f-c07b-4c1a-b345-4402accacdcf/resource/7ed21202-0049-4fcb-aa7c-48d810d3c499/download/processos.csv'
Content type 'text/csv' length 1015855 bytes (992 KB)
==================================================
downloaded 992 KB


 O arquivo de processos baixado é igual ao anterior.



Há 1239 registros disponíveis para envio.


Houve mudança na relação de temas.


Email enviado com sucesso para armando.nahmias@tjrr.jus.br.





Término da execução da consulta: 2024-01-17 06:00:33.


